<?xml version="1.0" encoding="UTF-8"?>
<!-- Generated by org.testng.reporters.JUnitXMLReporter -->
<testsuite hostname="Lainpuma588.local" ignored="0" name="Test" tests="1" failures="1" timestamp="2020-04-27T15:26:29 IST" time="20.008" errors="0">
  <testcase name="testLogin" time="19.967" classname="com.test.Login">
    <failure type="java.lang.AssertionError" message="expected:&amp;lt;Error 406 - Not Acceptable&amp;gt; but was:&amp;lt;http://automationpractice.com/index.php?controller=my-account&amp;gt;">
      <![CDATA[java.lang.AssertionError: expected:<Error 406 - Not Acceptable> but was:<http://automationpractice.com/index.php?controller=my-account>
at com.test.Login.testLogin(Login.java:30)
at java.util.ArrayList.forEach(ArrayList.java:1257)
... Removed 29 stack frames]]>
    </failure>
  </testcase> <!-- testLogin -->
</testsuite> <!-- Test -->
