<?xml version="1.0" encoding="UTF-8"?>
<!-- Generated by org.testng.reporters.JUnitXMLReporter -->
<testsuite hostname="Lainpuma588.local" ignored="0" name="Test" tests="1" failures="1" timestamp="2020-04-27T15:39:33 IST" time="6.913" errors="0">
  <testcase name="testLogin" time="6.881" classname="com.test.Login">
    <failure type="java.lang.AssertionError" message="expected:&amp;lt;https://www.facebook.com/login/device-based/regular/login/?login_attempt=1&amp;amp;lwv=110&amp;gt; but was:&amp;lt;http://facebook.com&amp;gt;">
      <![CDATA[java.lang.AssertionError: expected:<https://www.facebook.com/login/device-based/regular/login/?login_attempt=1&lwv=110> but was:<http://facebook.com>
at com.test.Login.testLogin(Login.java:30)
at java.util.ArrayList.forEach(ArrayList.java:1257)
... Removed 33 stack frames]]>
    </failure>
  </testcase> <!-- testLogin -->
</testsuite> <!-- Test -->
